2026-06-28T18:15:43.834736Z  INFO PocketConnectThread: Connecting to PocketOption at wss://demo-api-eu.po.market/socket.io/?EIO=4&transport=websocket
2026-06-28T18:15:44.438958Z  WARN DealsApiModule: Received unexpected binary message when no header was seen. Payload (2 bytes): b"[]"
2026-06-28T18:15:44.448072Z  WARN DealsApiModule: Received unexpected binary message when no header was seen. Payload (10539 bytes, truncated): [91, 123, 34, 105, 100, 34, 58, 34, 48, 97, 100, 48, 100, 50, 57, 55, 45, 102, 56, 52, 101, 45, 52, 54, 54, 49, 45, 98, 100, 54, 98, 45, 53, 56, 48, 98, 49, 102, 51, 100, 55, 48, 98, 53, 34, 44, 34, 111, 112, 101, 110, 84, 105, 109, 101, 34, 58, 34, 50, 48, 50, 54, 45, 48]
2026-06-28T18:15:49.395100Z  WARN HistoricalDataApiModule: Received history data but no req_id was pending. Discarding.
2026-06-28T18:15:49.422135Z  WARN HistoricalDataApiModule: Received history data but no req_id was pending. Discarding.
2026-06-28T18:15:49.447206Z  WARN HistoricalDataApiModule: Received history data but no req_id was pending. Discarding.
2026-06-28T18:16:23.288178Z  WARN SubscriptionsApiModule: Failed to send termination signal: send to a half closed channel
2026-06-28T18:16:25.391511Z  WARN HistoricalDataApiModule: Received history data but no req_id was pending. Discarding.
2026-06-28T18:17:46.258667Z  INFO TradesApiModule: Trade opened: 20698297-0346-4cd6-8541-9ceea6c4f30d
2026-06-28T18:17:54.021463Z  WARN DealsApiModule: Received unexpected binary message when no header was seen. Payload (441 bytes, truncated): [91, 123, 34, 105, 100, 34, 58, 34, 50, 48, 54, 57, 56, 50, 57, 55, 45, 48, 51, 52, 54, 45, 52, 99, 100, 54, 45, 56, 53, 52, 49, 45, 57, 99, 101, 101, 97, 54, 99, 52, 102, 51, 48, 100, 34, 44, 34, 111, 112, 101, 110, 84, 105, 109, 101, 34, 58, 34, 50, 48, 50, 54, 45, 48]
2026-06-28T18:17:54.031696Z  WARN DealsApiModule: Received unexpected binary message when no header was seen. Payload (10539 bytes, truncated): [91, 123, 34, 105, 100, 34, 58, 34, 48, 97, 100, 48, 100, 50, 57, 55, 45, 102, 56, 52, 101, 45, 52, 54, 54, 49, 45, 98, 100, 54, 98, 45, 53, 56, 48, 98, 49, 102, 51, 100, 55, 48, 98, 53, 34, 44, 34, 111, 112, 101, 110, 84, 105, 109, 101, 34, 58, 34, 50, 48, 50, 54, 45, 48]
2026-06-28T18:18:45.717659Z  WARN DealsApiModule: Received unexpected binary message when no header was seen. Payload (513 bytes, truncated): [123, 34, 112, 114, 111, 102, 105, 116, 34, 58, 48, 44, 34, 100, 101, 97, 108, 115, 34, 58, 91, 123, 34, 105, 100, 34, 58, 34, 50, 48, 54, 57, 56, 50, 57, 55, 45, 48, 51, 52, 54, 45, 52, 99, 100, 54, 45, 56, 53, 52, 49, 45, 57, 99, 101, 101, 97, 54, 99, 52, 102, 51, 48, 100]
2026-06-28T18:20:23.532660Z  INFO TradesApiModule: Trade opened: 7937e6a6-0585-4139-91ed-98772a31bbe7
2026-06-28T18:21:19.815082Z  INFO TradesApiModule: Trade opened: 39f85c3d-0217-4e5c-817c-9ea6b0862e22
2026-06-28T18:21:22.390854Z  WARN DealsApiModule: Received unexpected binary message when no header was seen. Payload (510 bytes, truncated): [123, 34, 112, 114, 111, 102, 105, 116, 34, 58, 48, 44, 34, 100, 101, 97, 108, 115, 34, 58, 91, 123, 34, 105, 100, 34, 58, 34, 55, 57, 51, 55, 101, 54, 97, 54, 45, 48, 53, 56, 53, 45, 52, 49, 51, 57, 45, 57, 49, 101, 100, 45, 57, 56, 55, 55, 50, 97, 51, 49, 98, 98, 101, 55]
2026-06-28T18:22:19.423932Z  WARN DealsApiModule: Received unexpected binary message when no header was seen. Payload (518 bytes, truncated): [123, 34, 112, 114, 111, 102, 105, 116, 34, 58, 56, 46, 52, 53, 44, 34, 100, 101, 97, 108, 115, 34, 58, 91, 123, 34, 105, 100, 34, 58, 34, 51, 57, 102, 56, 53, 99, 51, 100, 45, 48, 50, 49, 55, 45, 52, 101, 53, 99, 45, 56, 49, 55, 99, 45, 57, 101, 97, 54, 98, 48, 56, 54, 50]
2026-06-28T18:24:22.163433Z  INFO TradesApiModule: Trade opened: 2cc1d804-ecd7-423e-8e16-57d6f28543a6
2026-06-28T18:25:21.278049Z  WARN DealsApiModule: Received unexpected binary message when no header was seen. Payload (511 bytes, truncated): [123, 34, 112, 114, 111, 102, 105, 116, 34, 58, 48, 44, 34, 100, 101, 97, 108, 115, 34, 58, 91, 123, 34, 105, 100, 34, 58, 34, 50, 99, 99, 49, 100, 56, 48, 52, 45, 101, 99, 100, 55, 45, 52, 50, 51, 101, 45, 56, 101, 49, 54, 45, 53, 55, 100, 54, 102, 50, 56, 53, 52, 51, 97, 54]
2026-06-28T18:27:32.891127Z  INFO TradesApiModule: Trade opened: 5717d12d-db7d-444c-be65-b92554fc143a
2026-06-28T18:28:07.099782Z  INFO TradesApiModule: Trade opened: 594b7802-8dce-45e8-91f1-8d34025fe281
2026-06-28T18:28:09.901367Z  WARN DealsApiModule: Received unexpected binary message when no header was seen. Payload (881 bytes, truncated): [91, 123, 34, 105, 100, 34, 58, 34, 53, 57, 52, 98, 55, 56, 48, 50, 45, 56, 100, 99, 101, 45, 52, 53, 101, 56, 45, 57, 49, 102, 49, 45, 56, 100, 51, 52, 48, 50, 53, 102, 101, 50, 56, 49, 34, 44, 34, 111, 112, 101, 110, 84, 105, 109, 101, 34, 58, 34, 50, 48, 50, 54, 45, 48]
2026-06-28T18:28:09.911590Z  WARN DealsApiModule: Received unexpected binary message when no header was seen. Payload (10534 bytes, truncated): [91, 123, 34, 105, 100, 34, 58, 34, 50, 99, 99, 49, 100, 56, 48, 52, 45, 101, 99, 100, 55, 45, 52, 50, 51, 101, 45, 56, 101, 49, 54, 45, 53, 55, 100, 54, 102, 50, 56, 53, 52, 51, 97, 54, 34, 44, 34, 111, 112, 101, 110, 84, 105, 109, 101, 34, 58, 34, 50, 48, 50, 54, 45, 48]
2026-06-28T18:28:32.747858Z  WARN DealsApiModule: Received unexpected binary message when no header was seen. Payload (516 bytes, truncated): [123, 34, 112, 114, 111, 102, 105, 116, 34, 58, 57, 46, 54, 44, 34, 100, 101, 97, 108, 115, 34, 58, 91, 123, 34, 105, 100, 34, 58, 34, 53, 55, 49, 55, 100, 49, 50, 100, 45, 100, 98, 55, 100, 45, 52, 52, 52, 99, 45, 98, 101, 54, 53, 45, 98, 57, 50, 53, 53, 52, 102, 99, 49, 52]
2026-06-28T18:28:44.979796Z  INFO TradesApiModule: Trade opened: 4265b509-af27-4e14-a0d4-b96f83c349eb
2026-06-28T18:29:06.419712Z  WARN DealsApiModule: Received unexpected binary message when no header was seen. Payload (511 bytes, truncated): [123, 34, 112, 114, 111, 102, 105, 116, 34, 58, 48, 44, 34, 100, 101, 97, 108, 115, 34, 58, 91, 123, 34, 105, 100, 34, 58, 34, 53, 57, 52, 98, 55, 56, 48, 50, 45, 56, 100, 99, 101, 45, 52, 53, 101, 56, 45, 57, 49, 102, 49, 45, 56, 100, 51, 52, 48, 50, 53, 102, 101, 50, 56, 49]
2026-06-28T18:29:44.763677Z  WARN DealsApiModule: Received unexpected binary message when no header was seen. Payload (516 bytes, truncated): [123, 34, 112, 114, 111, 102, 105, 116, 34, 58, 57, 46, 53, 44, 34, 100, 101, 97, 108, 115, 34, 58, 91, 123, 34, 105, 100, 34, 58, 34, 52, 50, 54, 53, 98, 53, 48, 57, 45, 97, 102, 50, 55, 45, 52, 101, 49, 52, 45, 97, 48, 100, 52, 45, 98, 57, 54, 102, 56, 51, 99, 51, 52, 57]
2026-06-28T18:32:13.481836Z  INFO TradesApiModule: Trade opened: 98e72677-cbb0-42d4-8c51-bb3aeff7a7ca
2026-06-28T18:33:13.670236Z  WARN DealsApiModule: Received unexpected binary message when no header was seen. Payload (510 bytes, truncated): [123, 34, 112, 114, 111, 102, 105, 116, 34, 58, 48, 44, 34, 100, 101, 97, 108, 115, 34, 58, 91, 123, 34, 105, 100, 34, 58, 34, 57, 56, 101, 55, 50, 54, 55, 55, 45, 99, 98, 98, 48, 45, 52, 50, 100, 52, 45, 56, 99, 53, 49, 45, 98, 98, 51, 97, 101, 102, 102, 55, 97, 55, 99, 97]
2026-06-28T18:35:33.799172Z  INFO TradesApiModule: Trade opened: 2f3493da-0e62-4f91-b8b6-2f10ebae849b
2026-06-28T18:36:33.578395Z  WARN DealsApiModule: Received unexpected binary message when no header was seen. Payload (513 bytes, truncated): [123, 34, 112, 114, 111, 102, 105, 116, 34, 58, 48, 44, 34, 100, 101, 97, 108, 115, 34, 58, 91, 123, 34, 105, 100, 34, 58, 34, 50, 102, 51, 52, 57, 51, 100, 97, 45, 48, 101, 54, 50, 45, 52, 102, 57, 49, 45, 98, 56, 98, 54, 45, 50, 102, 49, 48, 101, 98, 97, 101, 56, 52, 57, 98]
2026-06-28T18:37:22.433185Z  INFO TradesApiModule: Trade opened: c2b8bfc9-718a-4662-9780-fb2e6645cf6b
2026-06-28T18:38:21.690358Z  WARN DealsApiModule: Received unexpected binary message when no header was seen. Payload (513 bytes, truncated): [123, 34, 112, 114, 111, 102, 105, 116, 34, 58, 57, 46, 54, 44, 34, 100, 101, 97, 108, 115, 34, 58, 91, 123, 34, 105, 100, 34, 58, 34, 99, 50, 98, 56, 98, 102, 99, 57, 45, 55, 49, 56, 97, 45, 52, 54, 54, 50, 45, 57, 55, 56, 48, 45, 102, 98, 50, 101, 54, 54, 52, 53, 99, 102]
2026-06-28T18:38:24.637557Z  INFO TradesApiModule: Trade opened: 528c4bb5-8ca2-4c83-ba3e-11e1aae8070e
2026-06-28T18:39:24.592695Z  WARN DealsApiModule: Received unexpected binary message when no header was seen. Payload (516 bytes, truncated): [123, 34, 112, 114, 111, 102, 105, 116, 34, 58, 57, 46, 51, 53, 44, 34, 100, 101, 97, 108, 115, 34, 58, 91, 123, 34, 105, 100, 34, 58, 34, 53, 50, 56, 99, 52, 98, 98, 53, 45, 56, 99, 97, 50, 45, 52, 99, 56, 51, 45, 98, 97, 51, 101, 45, 49, 49, 101, 49, 97, 97, 101, 56, 48]
2026-06-28T18:41:28.018990Z  INFO TradesApiModule: Trade opened: e73b30a9-b8c2-4c38-9874-d6525bc1e702
2026-06-28T18:42:27.614314Z  WARN DealsApiModule: Received unexpected binary message when no header was seen. Payload (513 bytes, truncated): [123, 34, 112, 114, 111, 102, 105, 116, 34, 58, 48, 44, 34, 100, 101, 97, 108, 115, 34, 58, 91, 123, 34, 105, 100, 34, 58, 34, 101, 55, 51, 98, 51, 48, 97, 57, 45, 98, 56, 99, 50, 45, 52, 99, 51, 56, 45, 57, 56, 55, 52, 45, 100, 54, 53, 50, 53, 98, 99, 49, 101, 55, 48, 50]
2026-06-28T18:44:45.751926Z  INFO TradesApiModule: Trade opened: b6c103ec-c139-437e-8fe0-115a43d4642a
